[2026-04-22T10:13:40Z] === ENRICH ITERATION 3 START | repo=apple/pkl sha=efc9e2c8 ===
[2026-04-22T10:13:40Z] [iter=3] PHASE START: enrich repo=apple/pkl sha=efc9e2c8 runlog=/home/runner/work/forx/forx/storage/aggregate/lsp/logs/efc9e2c8-enrich-iter-003.log output=/home/runner/work/forx/forx/storage/aggregate/lsp/efc9e2c819febd1c28c5626656cfcec3ab86de36.nq.gz
[2026-04-22T10:13:40Z] [iter=3] Step 1: Loading AST into disk-backed store mem_mb=77 MB
[2026-04-22T10:14:33Z] [iter=3] AST store loaded triples=5470238 load_secs=51 mem_mb=1069 MB
[2026-04-22T10:14:33Z] [iter=3] Step 2: Finding LSP targets mem_mb=1069 MB
[2026-04-22T10:14:59Z] [iter=3] LSP targets found call_sites=51850 imports=7939 extends=1759 implements=0 secs=25
[2026-04-22T10:15:03Z] [iter=3] Loaded checkpoint partial graph triples=94776
[2026-04-22T10:15:27Z] [iter=3] Step 2.7: Building position index (one-shot, shared across resolvers) mem_mb=1069 MB
[2026-04-22T10:16:03Z] [iter=3] Position index built positions=347351 nodes_with_types=445069 secs=36 mem_mb=1416 MB
[2026-04-22T10:16:03Z] [iter=3] Step 3: Starting LSP resolution mem_mb=1416 MB already_completed_types=[] already_completed_files=647
[2026-04-22T10:16:03Z] [iter=3] Resolving target type target_type=call_site count=51850
[2026-04-22T10:16:17Z] [iter=3] HEARTBEAT target_type=call_site elapsed_min=2.6 files_done=0 resolved=0 errors=0 current=pkl-codegen-kotlin/src/main/kotlin/org/pkl/codegen/kotlin/KotlinCodeGenerator.kt
[2026-04-22T10:22:53Z] [iter=3] HEARTBEAT target_type=call_site elapsed_min=9.2 files_done=1 resolved=5 errors=165 current=pkl-codegen-kotlin/src/test/kotlin/org/pkl/codegen/kotlin/CliKotlinCodeGeneratorTest.kt
[2026-04-22T10:24:59Z] [iter=3] HEARTBEAT target_type=call_site elapsed_min=11.3 files_done=2 resolved=21 errors=221 current=build.gradle.kts
[2026-04-22T10:27:56Z] [iter=3] HEARTBEAT target_type=call_site elapsed_min=14.3 files_done=4 resolved=29 errors=300 current=pkl-codegen-kotlin/src/test/kotlin/org/pkl/codegen/kotlin/InMemoryKotlinCompiler.kt
[2026-04-22T10:28:42Z] [iter=3] HEARTBEAT target_type=call_site elapsed_min=15.0 files_done=5 resolved=30 errors=321 current=pkl-core/src/test/kotlin/org/pkl/core/resource/ResourceReadersEvaluatorTest.kt
[2026-04-22T10:29:20Z] [iter=3] HEARTBEAT target_type=call_site elapsed_min=15.7 files_done=6 resolved=30 errors=338 current=pkl-cli/src/main/kotlin/org/pkl/cli/CliFormatterCommand.kt
[2026-04-22T10:30:29Z] [iter=3] HEARTBEAT target_type=call_site elapsed_min=16.8 files_done=7 resolved=35 errors=369 current=pkl-cli/src/main/kotlin/org/pkl/cli/CliCommandRunner.kt
[2026-04-22T10:32:21Z] [iter=3] HEARTBEAT target_type=call_site elapsed_min=18.7 files_done=8 resolved=40 errors=419 current=pkl-core/src/test/kotlin/org/pkl/core/http/RequestRewritingClientTest.kt
[2026-04-22T10:34:43Z] [iter=3] HEARTBEAT target_type=call_site elapsed_min=21.1 files_done=9 resolved=40 errors=482 current=pkl-core/src/test/kotlin/org/pkl/core/project/ProjectTest.kt
[2026-04-22T10:36:10Z] [iter=3] HEARTBEAT target_type=call_site elapsed_min=22.5 files_done=10 resolved=40 errors=521 current=pkl-core/src/test/kotlin/org/pkl/core/ast/builder/ImportsAndReadsParserTest.kt
[2026-04-22T10:37:08Z] [iter=3] HEARTBEAT target_type=call_site elapsed_min=23.5 files_done=12 resolved=40 errors=547 current=pkl-core/src/generator/kotlin/org/pkl/core/generator/MemberRegistryGenerator.kt
[2026-04-22T10:38:57Z] [iter=3] HEARTBEAT target_type=call_site elapsed_min=25.3 files_done=13 resolved=40 errors=596 current=pkl-cli/src/main/kotlin/org/pkl/cli/repl/ReplCompleters.kt
[2026-04-22T10:40:47Z] [iter=3] HEARTBEAT target_type=call_site elapsed_min=27.1 files_done=14 resolved=40 errors=645 current=pkl-core/src/test/kotlin/org/pkl/core/EvaluatorTest.kt
[2026-04-22T10:46:49Z] [iter=3] HEARTBEAT target_type=call_site elapsed_min=33.2 files_done=15 resolved=45 errors=807 current=pkl-cli/pkl-cli.gradle.kts
[2026-04-22T10:48:59Z] [iter=3] HEARTBEAT target_type=call_site elapsed_min=35.3 files_done=17 resolved=65 errors=865 current=pkl-executor/src/test/kotlin/org/pkl/executor/EmbeddedExecutorTest.kt
[2026-04-22T10:54:15Z] [iter=3] HEARTBEAT target_type=call_site elapsed_min=40.6 files_done=18 resolved=75 errors=1007 current=pkl-cli/src/main/kotlin/org/pkl/cli/CliEvaluator.kt
[2026-04-22T10:57:31Z] [iter=3] HEARTBEAT target_type=call_site elapsed_min=43.9 files_done=19 resolved=81 errors=1094 current=pkl-doc/src/main/kotlin/org/pkl/doc/ClassPageGenerator.kt
[2026-04-22T10:58:59Z] [iter=3] HEARTBEAT target_type=call_site elapsed_min=45.3 files_done=22 resolved=81 errors=1133 current=buildSrc/src/main/kotlin/pklGradlePluginTest.gradle.kts
[2026-04-22T10:59:39Z] [iter=3] HEARTBEAT target_type=call_site elapsed_min=46.0 files_done=24 resolved=84 errors=1151 current=pkl-server/src/test/kotlin/org/pkl/server/TestTransport.kt
[2026-04-22T11:00:20Z] [iter=3] HEARTBEAT target_type=call_site elapsed_min=46.7 files_done=27 resolved=85 errors=1169 current=pkl-cli/src/main/kotlin/org/pkl/cli/commands/ProjectCommand.kt
[2026-04-22T11:01:01Z] [iter=3] HEARTBEAT target_type=call_site elapsed_min=47.3 files_done=30 resolved=102 errors=1187 current=pkl-commons-test/src/main/kotlin/org/pkl/commons/test/MessagePackDebugRenderer.kt
[2026-04-22T11:03:21Z] [iter=3] HEARTBEAT target_type=call_site elapsed_min=49.7 files_done=31 resolved=102 errors=1250 current=pkl-core/src/test/kotlin/org/pkl/core/resource/ResourceReadersTest.kt
[2026-04-22T11:05:24Z] [iter=3] HEARTBEAT target_type=call_site elapsed_min=51.7 files_done=32 resolved=103 errors=1305 current=buildSrc/src/main/kotlin/pklJavaExecutable.gradle.kts
[2026-04-22T11:06:05Z] [iter=3] HEARTBEAT target_type=call_site elapsed_min=52.4 files_done=36 resolved=103 errors=1323 current=pkl-server/src/main/kotlin/org/pkl/server/ServerMessagePackEncoder.kt
[2026-04-22T11:08:14Z] [iter=3] HEARTBEAT target_type=call_site elapsed_min=54.6 files_done=37 resolved=119 errors=1381 current=pkl-commons-test/src/main/kotlin/org/pkl/commons/test/PackageServer.kt
[2026-04-22T11:09:53Z] [iter=3] HEARTBEAT target_type=call_site elapsed_min=56.2 files_done=38 resolved=119 errors=1425 current=pkl-commons-test/src/main/kotlin/org/pkl/commons/test/FileTestUtils.kt
[2026-04-22T11:11:18Z] [iter=3] HEARTBEAT target_type=call_site elapsed_min=57.6 files_done=39 resolved=120 errors=1463 current=pkl-gradle/src/test/kotlin/org/pkl/gradle/TestsTest.kt
[2026-04-22T11:13:10Z] [iter=3] HEARTBEAT target_type=call_site elapsed_min=59.5 files_done=40 resolved=120 errors=1513 current=pkl-config-kotlin/src/test/kotlin/org/pkl/config/kotlin/mapper/PPairToKotlinPairTest.kt
[2026-04-22T11:13:42Z] [iter=3] HEARTBEAT target_type=call_site elapsed_min=60.0 files_done=41 resolved=120 errors=1527 current=pkl-commons-test/src/main/kotlin/org/pkl/commons/test/InputOutputTestEngine.kt
[2026-04-22T11:14:58Z] [iter=3] HEARTBEAT target_type=call_site elapsed_min=61.3 files_done=42 resolved=124 errors=1561 current=buildSrc/settings.gradle.kts
[2026-04-22T11:16:25Z] [iter=3] HEARTBEAT target_type=call_site elapsed_min=62.7 files_done=46 resolved=125 errors=1600 current=pkl-cli/src/main/kotlin/org/pkl/cli/CliTestRunner.kt
[2026-04-22T11:17:45Z] [iter=3] HEARTBEAT target_type=call_site elapsed_min=64.1 files_done=47 resolved=127 errors=1636 current=pkl-core/src/test/kotlin/org/pkl/core/messaging/BaseMessagePackCodecTest.kt
[2026-04-22T11:18:26Z] [iter=3] HEARTBEAT target_type=call_site elapsed_min=64.8 files_done=48 resolved=137 errors=1654 current=pkl-doc/src/test/kotlin/org/pkl/doc/DocScopeTest.kt
[2026-04-22T11:19:28Z] [iter=3] HEARTBEAT target_type=call_site elapsed_min=65.8 files_done=49 resolved=147 errors=1682 current=pkl-cli/src/test/kotlin/org/pkl/cli/CliMainTest.kt
[2026-04-22T11:21:07Z] [iter=3] HEARTBEAT target_type=call_site elapsed_min=67.5 files_done=50 resolved=147 errors=1726 current=pkl-core/src/test/kotlin/org/pkl/core/AnalyzerTest.kt
[2026-04-22T11:24:14Z] [iter=3] HEARTBEAT target_type=call_site elapsed_min=70.6 files_done=51 resolved=149 errors=1809 current=buildSrc/src/main/kotlin/MergeSourcesJars.kt
[2026-04-22T11:25:20Z] [iter=3] HEARTBEAT target_type=call_site elapsed_min=71.7 files_done=52 resolved=149 errors=1838 current=pkl-core/src/test/kotlin/org/pkl/core/RepositoryHygiene.kt
[2026-04-22T11:26:00Z] [iter=3] HEARTBEAT target_type=call_site elapsed_min=72.3 files_done=53 resolved=149 errors=1856 current=buildSrc/src/main/kotlin/PklPublishing.kt
[2026-04-22T11:26:38Z] [iter=3] HEARTBEAT target_type=call_site elapsed_min=73.0 files_done=54 resolved=149 errors=1873 current=buildSrc/src/main/kotlin/pklFatJar.gradle.kts
[2026-04-22T11:28:15Z] [iter=3] HEARTBEAT target_type=call_site elapsed_min=74.6 files_done=56 resolved=159 errors=1916 current=buildSrc/src/main/kotlin/pklPublishLibrary.gradle.kts
[2026-04-22T11:30:12Z] [iter=3] HEARTBEAT target_type=call_site elapsed_min=76.5 files_done=58 resolved=159 errors=1968 current=pkl-core/src/test/kotlin/org/pkl/core/truffle/LongVsDoubleSpecializationTest.kt
[2026-04-22T11:31:06Z] [iter=3] HEARTBEAT target_type=call_site elapsed_min=77.4 files_done=60 resolved=165 errors=1992 current=pkl-internal-intellij-plugin/src/main/kotlin/org/pkl/internal/intellij/SnippetTestSplitEditor.kt
[2026-04-22T11:33:34Z] [iter=3] HEARTBEAT target_type=call_site elapsed_min=79.9 files_done=61 resolved=166 errors=2058 current=pkl-doc/src/main/kotlin/org/pkl/doc/RuntimeData.kt
[2026-04-22T11:34:35Z] [iter=3] HEARTBEAT target_type=call_site elapsed_min=80.9 files_done=62 resolved=171 errors=2085 current=pkl-core/src/test/kotlin/org/pkl/core/module/ModuleKeyFactoriesTest.kt
[2026-04-22T11:36:46Z] [iter=3] HEARTBEAT target_type=call_site elapsed_min=83.1 files_done=63 resolved=172 errors=2144 current=pkl-core/src/test/kotlin/org/pkl/core/stdlib/PathSpecParserTest.kt
[2026-04-22T11:38:40Z] [iter=3] HEARTBEAT target_type=call_site elapsed_min=85.0 files_done=64 resolved=172 errors=2195 current=pkl-doc/src/main/kotlin/org/pkl/doc/Markdown.kt
[2026-04-22T11:40:18Z] [iter=3] HEARTBEAT target_type=call_site elapsed_min=86.6 files_done=66 resolved=173 errors=2239 current=pkl-config-kotlin/pkl-config-kotlin.gradle.kts
[2026-04-22T11:41:01Z] [iter=3] HEARTBEAT target_type=call_site elapsed_min=87.3 files_done=69 resolved=173 errors=2258 current=pkl-core/src/test/kotlin/org/pkl/core/http/LazyHttpClientTest.kt
[2026-04-22T11:42:48Z] [iter=3] HEARTBEAT target_type=call_site elapsed_min=89.1 files_done=71 resolved=190 errors=2306 current=pkl-core/src/test/kotlin/org/pkl/core/runtime/VmDataSizeTest.kt
[2026-04-22T11:44:36Z] [iter=3] HEARTBEAT target_type=call_site elapsed_min=90.9 files_done=73 resolved=190 errors=2354 current=buildSrc/src/main/kotlin/ResolveSourcesJars.kt
[2026-04-22T11:45:07Z] [iter=3] HEARTBEAT target_type=call_site elapsed_min=91.5 files_done=76 resolved=198 errors=2368 current=stdlib/stdlib.gradle.kts
[2026-04-22T11:48:02Z] [iter=3] HEARTBEAT target_type=call_site elapsed_min=94.4 files_done=78 resolved=198 errors=2446 current=pkl-parser/src/test/kotlin/org/pkl/parser/SpanTest.kt
[2026-04-22T11:48:58Z] [iter=3] HEARTBEAT target_type=call_site elapsed_min=95.3 files_done=82 resolved=216 errors=2471 current=pkl-commons/src/main/kotlin/org/pkl/commons/Strings.kt
[2026-04-22T11:49:32Z] [iter=3] HEARTBEAT target_type=call_site elapsed_min=95.9 files_done=83 resolved=216 errors=2486 current=pkl-server/src/main/kotlin/org/pkl/server/ServerMessagePackDecoder.kt
[2026-04-22T11:52:35Z] [iter=3] HEARTBEAT target_type=call_site elapsed_min=98.9 files_done=84 resolved=228 errors=2568 current=pkl-core/src/test/kotlin/org/pkl/core/PklBinaryDecoderTest.kt
[2026-04-22T11:54:21Z] [iter=3] HEARTBEAT target_type=call_site elapsed_min=100.7 files_done=85 resolved=228 errors=2615 current=pkl-core/src/test/kotlin/org/pkl/core/DataSizeUnitTest.kt
[2026-04-22T11:55:06Z] [iter=3] HEARTBEAT target_type=call_site elapsed_min=101.4 files_done=88 resolved=230 errors=2635 current=pkl-cli/src/test/kotlin/org/pkl/cli/CliImportAnalyzerTest.kt
[2026-04-22T11:57:10Z] [iter=3] HEARTBEAT target_type=call_site elapsed_min=103.5 files_done=89 resolved=243 errors=2690 current=pkl-commons/src/main/kotlin/org/pkl/commons/NameMapper.kt
[2026-04-22T11:58:10Z] [iter=3] HEARTBEAT target_type=call_site elapsed_min=104.5 files_done=92 resolved=243 errors=2717 current=docs/modules/kotlin-binding/examples/KotlinConfigExample.kt
[2026-04-22T11:58:44Z] [iter=3] HEARTBEAT target_type=call_site elapsed_min=105.1 files_done=95 resolved=247 errors=2732 current=pkl-cli/src/main/kotlin/org/pkl/cli/CliImportAnalyzer.kt
[2026-04-22T11:59:17Z] [iter=3] HEARTBEAT target_type=call_site elapsed_min=105.6 files_done=96 resolved=247 errors=2747 current=pkl-core/src/test/kotlin/org/pkl/core/externalreader/MessagePackCodecTest.kt
[2026-04-22T12:01:50Z] [iter=3] HEARTBEAT target_type=call_site elapsed_min=108.2 files_done=98 resolved=256 errors=2815 current=buildSrc/src/main/kotlin/pklJavaLibrary.gradle.kts
[2026-04-22T12:02:41Z] [iter=3] HEARTBEAT target_type=call_site elapsed_min=109.0 files_done=100 resolved=256 errors=2838 current=pkl-parser/src/test/kotlin/org/pkl/parser/LexerTest.kt
[2026-04-22T12:04:02Z] [iter=3] HEARTBEAT target_type=call_site elapsed_min=110.4 files_done=101 resolved=256 errors=2874 current=pkl-core/src/test/kotlin/org/pkl/core/stdlib/SimpleReportTest.kt
[2026-04-22T12:04:33Z] [iter=3] HEARTBEAT target_type=call_site elapsed_min=110.9 files_done=102 resolved=256 errors=2888 current=pkl-core/src/test/kotlin/org/pkl/core/stdlib/PathConverterSupportTest.kt
[2026-04-22T12:05:14Z] [iter=3] HEARTBEAT target_type=call_site elapsed_min=111.6 files_done=103 resolved=256 errors=2906 current=pkl-config-kotlin/src/test/kotlin/org/pkl/config/kotlin/mapper/PolymorphicTest.kt
[2026-04-22T12:05:45Z] [iter=3] HEARTBEAT target_type=call_site elapsed_min=112.1 files_done=106 resolved=259 errors=2920 current=pkl-doc/src/main/kotlin/org/pkl/doc/PackagePageGenerator.kt
[2026-04-22T12:06:19Z] [iter=3] HEARTBEAT target_type=call_site elapsed_min=112.6 files_done=109 resolved=262 errors=2935 current=pkl-commons-cli/pkl-commons-cli.gradle.kts
[2026-04-22T12:06:53Z] [iter=3] HEARTBEAT target_type=call_site elapsed_min=113.2 files_done=113 resolved=262 errors=2950 current=buildSrc/src/main/kotlin/pklKotlinTest.gradle.kts
[2026-04-22T12:07:29Z] [iter=3] HEARTBEAT target_type=call_site elapsed_min=113.8 files_done=116 resolved=265 errors=2966 current=pkl-server/src/main/kotlin/org/pkl/server/ClientModuleKeyFactory.kt
[2026-04-22T12:10:10Z] [iter=3] HEARTBEAT target_type=call_site elapsed_min=116.5 files_done=118 resolved=281 errors=3038 current=settings.gradle.kts
[2026-04-22T12:11:01Z] [iter=3] HEARTBEAT target_type=call_site elapsed_min=117.4 files_done=120 resolved=288 errors=3061 current=pkl-gradle/src/test/kotlin/org/pkl/gradle/AnalyzeImportsTest.kt
[2026-04-22T12:11:37Z] [iter=3] HEARTBEAT target_type=call_site elapsed_min=118.0 files_done=122 resolved=288 errors=3077 current=pkl-core/src/test/kotlin/org/pkl/core/externalreader/ExternalReaderClient.kt
[2026-04-22T12:13:00Z] [iter=3] HEARTBEAT target_type=call_site elapsed_min=119.3 files_done=123 resolved=302 errors=3114 current=pkl-gradle/src/test/kotlin/org/pkl/gradle/KotlinCodeGeneratorsTest.kt
[2026-04-22T12:13:47Z] [iter=3] HEARTBEAT target_type=call_site elapsed_min=120.1 files_done=124 resolved=302 errors=3135 current=pkl-doc/src/test/kotlin/org/pkl/doc/RuntimeDataTest.kt
[2026-04-22T12:14:57Z] [iter=3] HEARTBEAT target_type=call_site elapsed_min=121.3 files_done=127 resolved=315 errors=3166 current=pkl-config-kotlin/src/main/kotlin/org/pkl/config/kotlin/mapper/PPairToKotlinPair.kt
[2026-04-22T12:15:57Z] [iter=3] HEARTBEAT target_type=call_site elapsed_min=122.3 files_done=129 resolved=316 errors=3193 current=pkl-core/src/test/kotlin/org/pkl/core/util/ExceptionsTest.kt
[2026-04-22T12:16:33Z] [iter=3] HEARTBEAT target_type=call_site elapsed_min=122.9 files_done=131 resolved=321 errors=3209 current=pkl-gradle/src/test/kotlin/org/pkl/gradle/JavaCodeGeneratorsTest.kt
[2026-04-22T12:17:20Z] [iter=3] HEARTBEAT target_type=call_site elapsed_min=123.7 files_done=132 resolved=321 errors=3230 current=buildSrc/src/main/kotlin/PklFormatterSpotless.kt
[2026-04-22T12:18:02Z] [iter=3] HEARTBEAT target_type=call_site elapsed_min=124.4 files_done=135 resolved=323 errors=3249 current=pkl-codegen-kotlin/src/main/kotlin/org/pkl/codegen/kotlin/Main.kt
[2026-04-22T12:18:38Z] [iter=3] HEARTBEAT target_type=call_site elapsed_min=125.0 files_done=137 resolved=330 errors=3265 current=pkl-doc/src/main/kotlin/org/pkl/doc/AbstractGenerator.kt
[2026-04-22T12:20:01Z] [iter=3] HEARTBEAT target_type=call_site elapsed_min=126.4 files_done=140 resolved=330 errors=3302 current=pkl-core/src/test/kotlin/org/pkl/core/module/TestModuleKeyFactory.kt
[2026-04-22T12:20:33Z] [iter=3] HEARTBEAT target_type=call_site elapsed_min=126.9 files_done=143 resolved=334 errors=3316 current=pkl-core/src/test/kotlin/org/pkl/core/PairTest.kt
[2026-04-22T12:21:08Z] [iter=3] HEARTBEAT target_type=call_site elapsed_min=127.5 files_done=144 resolved=334 errors=3332 current=pkl-core/src/test/kotlin/org/pkl/core/JsonRendererTest.kt
[2026-04-22T12:21:42Z] [iter=3] HEARTBEAT target_type=call_site elapsed_min=128.0 files_done=145 resolved=334 errors=3347 current=pkl-core/src/test/kotlin/org/pkl/core/stdlib/ReflectModuleTest.kt
[2026-04-22T12:22:51Z] [iter=3] HEARTBEAT target_type=call_site elapsed_min=129.2 files_done=147 resolved=340 errors=3378 current=pkl-core/src/test/kotlin/org/pkl/core/externalreader/ExternalResourceReader.kt
[2026-04-22T12:23:25Z] [iter=3] HEARTBEAT target_type=call_site elapsed_min=129.7 files_done=153 resolved=348 errors=3393 current=buildSrc/src/main/kotlin/pklHtmlValidator.gradle.kts
[2026-04-22T12:24:18Z] [iter=3] HEARTBEAT target_type=call_site elapsed_min=130.6 files_done=156 resolved=348 errors=3417 current=pkl-server/src/test/kotlin/org/pkl/server/TestUtils.kt
[2026-04-22T12:24:52Z] [iter=3] HEARTBEAT target_type=call_site elapsed_min=131.2 files_done=159 resolved=349 errors=3432 current=pkl-core/src/test/kotlin/org/pkl/core/EvaluateOutputTextTest.kt
[2026-04-22T12:25:34Z] [iter=3] HEARTBEAT target_type=call_site elapsed_min=131.9 files_done=161 resolved=350 errors=3451 current=pkl-commons/src/main/kotlin/org/pkl/commons/Paths.kt
[2026-04-22T12:26:19Z] [iter=3] HEARTBEAT target_type=call_site elapsed_min=132.7 files_done=163 resolved=350 errors=3471 current=pkl-parser/pkl-parser.gradle.kts
[2026-04-22T12:27:24Z] [iter=3] HEARTBEAT target_type=call_site elapsed_min=133.7 files_done=165 resolved=352 errors=3500 current=pkl-core/src/test/kotlin/org/pkl/core/module/ServiceProviderTest.kt
[2026-04-22T12:28:13Z] [iter=3] HEARTBEAT target_type=call_site elapsed_min=134.6 files_done=167 resolved=354 errors=3522 current=pkl-cli/src/test/kotlin/org/pkl/cli/testExtensions.kt
[2026-04-22T12:29:05Z] [iter=3] HEARTBEAT target_type=call_site elapsed_min=135.4 files_done=170 resolved=354 errors=3545 current=pkl-gradle/src/test/kotlin/org/pkl/gradle/ProjectResolveTest.kt
[2026-04-22T12:29:36Z] [iter=3] HEARTBEAT target_type=call_site elapsed_min=135.9 files_done=173 resolved=367 errors=3559 current=pkl-commons-cli/src/main/kotlin/org/pkl/commons/cli/commands/extensions.kt
[2026-04-22T12:30:12Z] [iter=3] HEARTBEAT target_type=call_site elapsed_min=136.5 files_done=176 resolved=367 errors=3575 current=pkl-core/src/test/kotlin/org/pkl/core/PNullTest.kt
[2026-04-22T12:31:24Z] [iter=3] HEARTBEAT target_type=call_site elapsed_min=137.7 files_done=178 resolved=367 errors=3607 current=pkl-core/src/test/kotlin/org/pkl/core/http/DummyHttpClientTest.kt
[2026-04-22T12:31:57Z] [iter=3] HEARTBEAT target_type=call_site elapsed_min=138.3 files_done=183 resolved=368 errors=3622 current=buildSrc/src/main/kotlin/GradlePluginTests.kt
[2026-04-22T12:32:33Z] [iter=3] HEARTBEAT target_type=call_site elapsed_min=138.9 files_done=188 resolved=370 errors=3638 current=pkl-cli/src/main/kotlin/org/pkl/cli/CliProjectResolver.kt
[2026-04-22T12:33:04Z] [iter=3] HEARTBEAT target_type=call_site elapsed_min=139.4 files_done=189 resolved=370 errors=3652 current=pkl-formatter/src/main/kotlin/org/pkl/formatter/Formatter.kt
[2026-04-22T12:33:54Z] [iter=3] HEARTBEAT target_type=call_site elapsed_min=140.2 files_done=191 resolved=374 errors=3674 current=pkl-server/src/main/kotlin/org/pkl/server/ClientLogger.kt
[2026-04-22T12:34:39Z] [iter=3] HEARTBEAT target_type=call_site elapsed_min=141.0 files_done=198 resolved=377 errors=3694 current=bench/bench.gradle.kts
[2026-04-22T12:35:25Z] [iter=3] HEARTBEAT target_type=call_site elapsed_min=141.7 files_done=201 resolved=377 errors=3714 current=pkl-formatter/src/main/kotlin/org/pkl/formatter/NaturalOrderComparator.kt
[2026-04-22T12:35:58Z] [iter=3] HEARTBEAT target_type=call_site elapsed_min=142.3 files_done=205 resolved=380 errors=3728 current=pkl-codegen-java/src/test/kotlin/org/pkl/codegen/java/PklModule.kt
[2026-04-22T12:36:31Z] [iter=3] HEARTBEAT target_type=call_site elapsed_min=142.9 files_done=210 resolved=386 errors=3743 current=pkl-cli/src/main/kotlin/org/pkl/cli/commands/AnalyzeCommand.kt
[2026-04-22T12:37:05Z] [iter=3] HEARTBEAT target_type=call_site elapsed_min=143.4 files_done=219 resolved=392 errors=3758 current=pkl-core/src/test/kotlin/org/pkl/core/PlatformTest.kt
[2026-04-22T12:37:38Z] [iter=3] HEARTBEAT target_type=call_site elapsed_min=144.0 files_done=223 resolved=392 errors=3773 current=pkl-cli/src/main/kotlin/org/pkl/cli/Main.kt
[2026-04-22T12:38:09Z] [iter=3] HEARTBEAT target_type=call_site elapsed_min=144.5 files_done=235 resolved=401 errors=3787 current=pkl-commons-cli/src/main/kotlin/org/pkl/commons/cli/commands/NoOpCommand.kt
[2026-04-22T12:43:58Z] [iter=3] HEARTBEAT target_type=call_site elapsed_min=150.3 files_done=240 resolved=448 errors=3942 current=pkl-doc/src/test/files/DocGeneratorTest/output/run-2/scripts/search-worker.js
[2026-04-22T12:45:00Z] [iter=3] HEARTBEAT target_type=call_site elapsed_min=151.3 files_done=241 resolved=456 errors=3970 current=pkl-doc/src/main/resources/org/pkl/doc/scripts/pkldoc.js
[2026-04-22T12:50:42Z] [iter=3] HEARTBEAT target_type=call_site elapsed_min=157.0 files_done=242 resolved=503 errors=4123 current=pkl-doc/src/test/files/DocMigratorTest/input/version-1/scripts/pkldoc.js
[2026-04-22T12:56:15Z] [iter=3] HEARTBEAT target_type=call_site elapsed_min=162.6 files_done=243 resolved=551 errors=4272 current=pkl-doc/src/test/files/DocMigratorTest/output/scripts/pkldoc.js
[2026-04-22T13:01:57Z] [iter=3] HEARTBEAT target_type=call_site elapsed_min=168.3 files_done=244 resolved=598 errors=4425 current=pkl-doc/src/test/files/DocGeneratorTest/output/run-1/scripts/pkldoc.js
[2026-04-22T13:07:42Z] [iter=3] HEARTBEAT target_type=call_site elapsed_min=174.0 files_done=245 resolved=645 errors=4578 current=pkl-doc/src/test/files/DocGeneratorTest/output/run-1/scripts/search-worker.js
[2026-04-22T13:08:45Z] [iter=3] HEARTBEAT target_type=call_site elapsed_min=175.1 files_done=246 resolved=653 errors=4606 current=pkl-doc/src/main/resources/org/pkl/doc/scripts/search-worker.js
[2026-04-22T13:09:48Z] [iter=3] HEARTBEAT target_type=call_site elapsed_min=176.1 files_done=247 resolved=661 errors=4634 current=pkl-doc/src/test/files/DocMigratorTest/input/version-1/scripts/search-worker.js
[2026-04-22T13:10:51Z] [iter=3] HEARTBEAT target_type=call_site elapsed_min=177.2 files_done=248 resolved=669 errors=4662 current=pkl-doc/src/test/files/DocMigratorTest/output/scripts/search-worker.js
[2026-04-22T13:11:55Z] [iter=3] HEARTBEAT target_type=call_site elapsed_min=178.2 files_done=249 resolved=677 errors=4690 current=pkl-doc/src/test/files/DocMigratorTest/input/version-1/data/com.package1/1.2.3/moduleTypes2/index.js
[2026-04-22T13:11:56Z] [iter=3] Target type resolved target_type=call_site resolved=677 errors=4690 secs=10553 mem_mb=1484 MB
[2026-04-22T13:11:56Z] [iter=3] Resolving target type target_type=import_statement count=7939
[2026-04-22T13:12:25Z] [iter=3] HEARTBEAT target_type=import_statement elapsed_min=178.7 files_done=159 resolved=0 errors=0 current=pkl-doc/src/test/kotlin/org/pkl/doc/NativeExecutableTest.kt
[2026-04-22T13:12:58Z] [iter=3] Target type resolved target_type=import_statement resolved=0 errors=0 secs=62 mem_mb=1484 MB
[2026-04-22T13:12:58Z] [iter=3] Resolving target type target_type=extends_clause count=1759
[2026-04-22T13:13:03Z] [iter=3] HEARTBEAT target_type=extends_clause elapsed_min=179.4 files_done=0 resolved=0 errors=0 current=pkl-executor/src/main/java/org/pkl/executor/spi/v1/ExecutorSpiOptions3.java
[2026-04-22T13:13:04Z] [iter=3] Target type resolved target_type=extends_clause resolved=0 errors=0 secs=7 mem_mb=1484 MB
[2026-04-22T13:14:09Z] [iter=3] Step 5: Writing final enrichment file triples=170757
[2026-04-22T13:14:13Z] [iter=3] Enrichment file written path=/home/runner/work/forx/forx/storage/aggregate/lsp/efc9e2c819febd1c28c5626656cfcec3ab86de36.nq.gz size_kb=4428
[2026-04-22T13:14:13Z] [iter=3] Checkpoint cleared (enrichment complete)
[2026-04-22T13:14:13Z] [iter=3] PHASE END: enrich elapsed_s=10833 elapsed_min=180.5 total_triples=170757
